# JRE version: OpenJDK Runtime Environment (8.0_242-b01) (build 1.8.0_242-release-1644-b01)
# Java VM: OpenJDK 64-Bit Server VM (25.242-b01 mixed mode windows-amd64 compressed oops)
Heap:
 PSYoungGen      total 185344K, used 25351K [0x00000000d6400000, 0x00000000e7500000, 0x0000000100000000)
  eden space 159744K, 15% used [0x00000000d6400000,0x00000000d7cc1eb0,0x00000000e0000000)
  from space 25600K, 0% used [0x00000000e0000000,0x00000000e0000000,0x00000000e1900000)
  to   space 35840K, 0% used [0x00000000e5200000,0x00000000e5200000,0x00000000e7500000)
 ParOldGen       total 113152K, used 53781K [0x0000000082c00000, 0x0000000089a80000, 0x00000000d6400000)
  object space 113152K, 47% used [0x0000000082c00000,0x0000000086085768,0x0000000089a80000)
 Metaspace       used 62277K, capacity 63530K, committed 63768K, reserved 1105920K
  class space    used 7554K, capacity 7914K, committed 7984K, reserved 1048576K
GC Heap History (10 events):
Event: 6.772 GC heap before
{Heap before GC invocations=6 (full 1):
 PSYoungGen      total 109568K, used 47174K [0x00000000d6400000, 0x00000000dee00000, 0x0000000100000000)
  eden space 104448K, 40% used [0x00000000d6400000,0x00000000d8d19198,0x00000000dca00000)
  from space 5120K, 99% used [0x00000000de900000,0x00000000dedf8918,0x00000000dee00000)
  to   space 5120K, 0% used [0x00000000de400000,0x00000000de400000,0x00000000de900000)
 ParOldGen       total 61440K, used 18747K [0x0000000082c00000, 0x0000000086800000, 0x00000000d6400000)
  object space 61440K, 30% used [0x0000000082c00000,0x0000000083e4ed30,0x0000000086800000)
 Metaspace       used 34807K, capacity 35282K, committed 35496K, reserved 1081344K
  class space    used 4365K, capacity 4516K, committed 4528K, reserved 1048576K
Event: 6.789 GC heap after
Heap after GC invocations=6 (full 1):
 PSYoungGen      total 136192K, used 5099K [0x00000000d6400000, 0x00000000e2a80000, 0x0000000100000000)
  eden space 131072K, 0% used [0x00000000d6400000,0x00000000d6400000,0x00000000de400000)
  from space 5120K, 99% used [0x00000000de400000,0x00000000de8fadd8,0x00000000de900000)
  to   space 17920K, 0% used [0x00000000e1900000,0x00000000e1900000,0x00000000e2a80000)
 ParOldGen       total 61440K, used 29438K [0x0000000082c00000, 0x0000000086800000, 0x00000000d6400000)
  object space 61440K, 47% used [0x0000000082c00000,0x00000000848bf990,0x0000000086800000)
 Metaspace       used 34807K, capacity 35282K, committed 35496K, reserved 1081344K
  class space    used 4365K, capacity 4516K, committed 4528K, reserved 1048576K
}
Event: 6.789 GC heap before
{Heap before GC invocations=7 (full 2):
 PSYoungGen      total 136192K, used 5099K [0x00000000d6400000, 0x00000000e2a80000, 0x0000000100000000)
  eden space 131072K, 0% used [0x00000000d6400000,0x00000000d6400000,0x00000000de400000)
  from space 5120K, 99% used [0x00000000de400000,0x00000000de8fadd8,0x00000000de900000)
  to   space 17920K, 0% used [0x00000000e1900000,0x00000000e1900000,0x00000000e2a80000)
 ParOldGen       total 61440K, used 29438K [0x0000000082c00000, 0x0000000086800000, 0x00000000d6400000)
  object space 61440K, 47% used [0x0000000082c00000,0x00000000848bf990,0x0000000086800000)
 Metaspace       used 34807K, capacity 35282K, committed 35496K, reserved 1081344K
  class space    used 4365K, capacity 4516K, committed 4528K, reserved 1048576K
Event: 6.893 GC heap after
Heap after GC invocations=7 (full 2):
 PSYoungGen      total 136192K, used 0K [0x00000000d6400000, 0x00000000e2a80000, 0x0000000100000000)
  eden space 131072K, 0% used [0x00000000d6400000,0x00000000d6400000,0x00000000de400000)
  from space 5120K, 0% used [0x00000000de400000,0x00000000de400000,0x00000000de900000)
  to   space 17920K, 0% used [0x00000000e1900000,0x00000000e1900000,0x00000000e2a80000)
 ParOldGen       total 113152K, used 24030K [0x0000000082c00000, 0x0000000089a80000, 0x00000000d6400000)
  object space 113152K, 21% used [0x0000000082c00000,0x0000000084377870,0x0000000089a80000)
 Metaspace       used 34807K, capacity 35282K, committed 35496K, reserved 1081344K
  class space    used 4365K, capacity 4516K, committed 4528K, reserved 1048576K
}
Event: 9.541 GC heap before
{Heap before GC invocations=8 (full 2):
 PSYoungGen      total 136192K, used 131072K [0x00000000d6400000, 0x00000000e2a80000, 0x0000000100000000)
  eden space 131072K, 100% used [0x00000000d6400000,0x00000000de400000,0x00000000de400000)
  from space 5120K, 0% used [0x00000000de400000,0x00000000de400000,0x00000000de900000)
  to   space 17920K, 0% used [0x00000000e1900000,0x00000000e1900000,0x00000000e2a80000)
 ParOldGen       total 113152K, used 24030K [0x0000000082c00000, 0x0000000089a80000, 0x00000000d6400000)
  object space 113152K, 21% used [0x0000000082c00000,0x0000000084377870,0x0000000089a80000)
 Metaspace       used 47334K, capacity 48152K, committed 48424K, reserved 1091584K
  class space    used 5882K, capacity 6143K, committed 6192K, reserved 1048576K
Event: 9.567 GC heap after
Heap after GC invocations=8 (full 2):
 PSYoungGen      total 177664K, used 17917K [0x00000000d6400000, 0x00000000e4000000, 0x0000000100000000)
  eden space 159744K, 0% used [0x00000000d6400000,0x00000000d6400000,0x00000000e0000000)
  from space 17920K, 99% used [0x00000000e1900000,0x00000000e2a7f658,0x00000000e2a80000)
  to   space 25600K, 0% used [0x00000000e0000000,0x00000000e0000000,0x00000000e1900000)
 ParOldGen       total 113152K, used 32986K [0x0000000082c00000, 0x0000000089a80000, 0x00000000d6400000)
  object space 113152K, 29% used [0x0000000082c00000,0x0000000084c36918,0x0000000089a80000)
 Metaspace       used 47334K, capacity 48152K, committed 48424K, reserved 1091584K
  class space    used 5882K, capacity 6143K, committed 6192K, reserved 1048576K
}
Event: 14.245 GC heap before
{Heap before GC invocations=9 (full 2):
 PSYoungGen      total 177664K, used 157201K [0x00000000d6400000, 0x00000000e4000000, 0x0000000100000000)
  eden space 159744K, 87% used [0x00000000d6400000,0x00000000dec04ec0,0x00000000e0000000)
  from space 17920K, 99% used [0x00000000e1900000,0x00000000e2a7f658,0x00000000e2a80000)
  to   space 25600K, 0% used [0x00000000e0000000,0x00000000e0000000,0x00000000e1900000)
 ParOldGen       total 113152K, used 32986K [0x0000000082c00000, 0x0000000089a80000, 0x00000000d6400000)
  object space 113152K, 29% used [0x0000000082c00000,0x0000000084c36918,0x0000000089a80000)
 Metaspace       used 57894K, capacity 59030K, committed 59160K, reserved 1101824K
  class space    used 7125K, capacity 7432K, committed 7472K, reserved 1048576K
Event: 14.286 GC heap after
Heap after GC invocations=9 (full 2):
 PSYoungGen      total 185344K, used 25568K [0x00000000d6400000, 0x00000000e7500000, 0x0000000100000000)
  eden space 159744K, 0% used [0x00000000d6400000,0x00000000d6400000,0x00000000e0000000)
  from space 25600K, 99% used [0x00000000e0000000,0x00000000e18f8200,0x00000000e1900000)
  to   space 35840K, 0% used [0x00000000e5200000,0x00000000e5200000,0x00000000e7500000)
 ParOldGen       total 113152K, used 44996K [0x0000000082c00000, 0x0000000089a80000, 0x00000000d6400000)
  object space 113152K, 39% used [0x0000000082c00000,0x00000000857f11d8,0x0000000089a80000)
 Metaspace       used 57894K, capacity 59030K, committed 59160K, reserved 1101824K
  class space    used 7125K, capacity 7432K, committed 7472K, reserved 1048576K
}
Event: 14.286 GC heap before
{Heap before GC invocations=10 (full 3):
 PSYoungGen      total 185344K, used 25568K [0x00000000d6400000, 0x00000000e7500000, 0x0000000100000000)
  eden space 159744K, 0% used [0x00000000d6400000,0x00000000d6400000,0x00000000e0000000)
  from space 25600K, 99% used [0x00000000e0000000,0x00000000e18f8200,0x00000000e1900000)
  to   space 35840K, 0% used [0x00000000e5200000,0x00000000e5200000,0x00000000e7500000)
 ParOldGen       total 113152K, used 44996K [0x0000000082c00000, 0x0000000089a80000, 0x00000000d6400000)
  object space 113152K, 39% used [0x0000000082c00000,0x00000000857f11d8,0x0000000089a80000)
 Metaspace       used 57894K, capacity 59030K, committed 59160K, reserved 1101824K
  class space    used 7125K, capacity 7432K, committed 7472K, reserved 1048576K
Event: 14.634 GC heap after
Heap after GC invocations=10 (full 3):
 PSYoungGen      total 185344K, used 0K [0x00000000d6400000, 0x00000000e7500000, 0x0000000100000000)
  eden space 159744K, 0% used [0x00000000d6400000,0x00000000d6400000,0x00000000e0000000)
  from space 25600K, 0% used [0x00000000e0000000,0x00000000e0000000,0x00000000e1900000)
  to   space 35840K, 0% used [0x00000000e5200000,0x00000000e5200000,0x00000000e7500000)
 ParOldGen       total 113152K, used 53781K [0x0000000082c00000, 0x0000000089a80000, 0x00000000d6400000)
  object space 113152K, 47% used [0x0000000082c00000,0x0000000086085768,0x0000000089a80000)
 Metaspace       used 57894K, capacity 59030K, committed 59160K, reserved 1101824K
  class space    used 7125K, capacity 7432K, committed 7472K, reserved 1048576K
}

