# JRE version: OpenJDK Runtime Environment (8.0_242-b01) (build 1.8.0_242-release-1644-b01)
# Java VM: OpenJDK 64-Bit Server VM (25.242-b01 mixed mode windows-amd64 compressed oops)
Heap:
 PSYoungGen      total 136704K, used 55029K [0x00000000d5580000, 0x00000000e1380000, 0x0000000100000000)
  eden space 125440K, 43% used [0x00000000d5580000,0x00000000d8b3d5e0,0x00000000dd000000)
  from space 11264K, 0% used [0x00000000dd000000,0x00000000dd000000,0x00000000ddb00000)
  to   space 12288K, 0% used [0x00000000e0780000,0x00000000e0780000,0x00000000e1380000)
 ParOldGen       total 49152K, used 16542K [0x0000000080000000, 0x0000000083000000, 0x00000000d5580000)
  object space 49152K, 33% used [0x0000000080000000,0x0000000081027b68,0x0000000083000000)
 Metaspace       used 36790K, capacity 38266K, committed 38448K, reserved 1081344K
  class space    used 5251K, capacity 5585K, committed 5680K, reserved 1048576K
GC Heap History (10 events):
Event: 4.552 GC heap before
{Heap before GC invocations=7 (full 0):
 PSYoungGen      total 74240K, used 14003K [0x00000000d5580000, 0x00000000daa80000, 0x0000000100000000)
  eden space 64512K, 8% used [0x00000000d5580000,0x00000000d5ab7d78,0x00000000d9480000)
  from space 9728K, 89% used [0x00000000d9f00000,0x00000000da774f98,0x00000000da880000)
  to   space 10752K, 0% used [0x00000000d9480000,0x00000000d9480000,0x00000000d9f00000)
 ParOldGen       total 86016K, used 6146K [0x0000000080000000, 0x0000000085400000, 0x00000000d5580000)
  object space 86016K, 7% used [0x0000000080000000,0x0000000080600a70,0x0000000085400000)
 Metaspace       used 20581K, capacity 21216K, committed 21296K, reserved 1067008K
  class space    used 2877K, capacity 3076K, committed 3120K, reserved 1048576K
Event: 4.559 GC heap after
Heap after GC invocations=7 (full 0):
 PSYoungGen      total 75264K, used 3972K [0x00000000d5580000, 0x00000000de880000, 0x0000000100000000)
  eden space 64512K, 0% used [0x00000000d5580000,0x00000000d5580000,0x00000000d9480000)
  from space 10752K, 36% used [0x00000000d9480000,0x00000000d9861050,0x00000000d9f00000)
  to   space 10752K, 0% used [0x00000000dde00000,0x00000000dde00000,0x00000000de880000)
 ParOldGen       total 86016K, used 8458K [0x0000000080000000, 0x0000000085400000, 0x00000000d5580000)
  object space 86016K, 9% used [0x0000000080000000,0x0000000080842ac0,0x0000000085400000)
 Metaspace       used 20581K, capacity 21216K, committed 21296K, reserved 1067008K
  class space    used 2877K, capacity 3076K, committed 3120K, reserved 1048576K
}
Event: 4.559 GC heap before
{Heap before GC invocations=8 (full 1):
 PSYoungGen      total 75264K, used 3972K [0x00000000d5580000, 0x00000000de880000, 0x0000000100000000)
  eden space 64512K, 0% used [0x00000000d5580000,0x00000000d5580000,0x00000000d9480000)
  from space 10752K, 36% used [0x00000000d9480000,0x00000000d9861050,0x00000000d9f00000)
  to   space 10752K, 0% used [0x00000000dde00000,0x00000000dde00000,0x00000000de880000)
 ParOldGen       total 86016K, used 8458K [0x0000000080000000, 0x0000000085400000, 0x00000000d5580000)
  object space 86016K, 9% used [0x0000000080000000,0x0000000080842ac0,0x0000000085400000)
 Metaspace       used 20581K, capacity 21216K, committed 21296K, reserved 1067008K
  class space    used 2877K, capacity 3076K, committed 3120K, reserved 1048576K
Event: 4.608 GC heap after
Heap after GC invocations=8 (full 1):
 PSYoungGen      total 75264K, used 0K [0x00000000d5580000, 0x00000000de880000, 0x0000000100000000)
  eden space 64512K, 0% used [0x00000000d5580000,0x00000000d5580000,0x00000000d9480000)
  from space 10752K, 0% used [0x00000000d9480000,0x00000000d9480000,0x00000000d9f00000)
  to   space 10752K, 0% used [0x00000000dde00000,0x00000000dde00000,0x00000000de880000)
 ParOldGen       total 49152K, used 6829K [0x0000000080000000, 0x0000000083000000, 0x00000000d5580000)
  object space 49152K, 13% used [0x0000000080000000,0x00000000806ab458,0x0000000083000000)
 Metaspace       used 20581K, capacity 21216K, committed 21296K, reserved 1067008K
  class space    used 2877K, capacity 3076K, committed 3120K, reserved 1048576K
}
Event: 5.714 GC heap before
{Heap before GC invocations=9 (full 1):
 PSYoungGen      total 75264K, used 64512K [0x00000000d5580000, 0x00000000de880000, 0x0000000100000000)
  eden space 64512K, 100% used [0x00000000d5580000,0x00000000d9480000,0x00000000d9480000)
  from space 10752K, 0% used [0x00000000d9480000,0x00000000d9480000,0x00000000d9f00000)
  to   space 10752K, 0% used [0x00000000dde00000,0x00000000dde00000,0x00000000de880000)
 ParOldGen       total 49152K, used 6829K [0x0000000080000000, 0x0000000083000000, 0x00000000d5580000)
  object space 49152K, 13% used [0x0000000080000000,0x00000000806ab458,0x0000000083000000)
 Metaspace       used 28462K, capacity 29308K, committed 29616K, reserved 1075200K
  class space    used 3932K, capacity 4166K, committed 4272K, reserved 1048576K
Event: 5.725 GC heap after
Heap after GC invocations=9 (full 1):
 PSYoungGen      total 124416K, used 8141K [0x00000000d5580000, 0x00000000de600000, 0x0000000100000000)
  eden space 116224K, 0% used [0x00000000d5580000,0x00000000d5580000,0x00000000dc700000)
  from space 8192K, 99% used [0x00000000dde00000,0x00000000de5f35e0,0x00000000de600000)
  to   space 11264K, 0% used [0x00000000dd000000,0x00000000dd000000,0x00000000ddb00000)
 ParOldGen       total 49152K, used 6837K [0x0000000080000000, 0x0000000083000000, 0x00000000d5580000)
  object space 49152K, 13% used [0x0000000080000000,0x00000000806ad458,0x0000000083000000)
 Metaspace       used 28462K, capacity 29308K, committed 29616K, reserved 1075200K
  class space    used 3932K, capacity 4166K, committed 4272K, reserved 1048576K
}
Event: 7.018 GC heap before
{Heap before GC invocations=10 (full 1):
 PSYoungGen      total 124416K, used 85433K [0x00000000d5580000, 0x00000000de600000, 0x0000000100000000)
  eden space 116224K, 66% used [0x00000000d5580000,0x00000000da0faef8,0x00000000dc700000)
  from space 8192K, 99% used [0x00000000dde00000,0x00000000de5f35e0,0x00000000de600000)
  to   space 11264K, 0% used [0x00000000dd000000,0x00000000dd000000,0x00000000ddb00000)
 ParOldGen       total 49152K, used 6837K [0x0000000080000000, 0x0000000083000000, 0x00000000d5580000)
  object space 49152K, 13% used [0x0000000080000000,0x00000000806ad458,0x0000000083000000)
 Metaspace       used 34196K, capacity 35420K, committed 35496K, reserved 1079296K
  class space    used 4839K, capacity 5148K, committed 5168K, reserved 1048576K
Event: 7.033 GC heap after
Heap after GC invocations=10 (full 1):
 PSYoungGen      total 136704K, used 10411K [0x00000000d5580000, 0x00000000e1380000, 0x0000000100000000)
  eden space 125440K, 0% used [0x00000000d5580000,0x00000000d5580000,0x00000000dd000000)
  from space 11264K, 92% used [0x00000000dd000000,0x00000000dda2ae98,0x00000000ddb00000)
  to   space 12288K, 0% used [0x00000000e0780000,0x00000000e0780000,0x00000000e1380000)
 ParOldGen       total 49152K, used 6845K [0x0000000080000000, 0x0000000083000000, 0x00000000d5580000)
  object space 49152K, 13% used [0x0000000080000000,0x00000000806af458,0x0000000083000000)
 Metaspace       used 34196K, capacity 35420K, committed 35496K, reserved 1079296K
  class space    used 4839K, capacity 5148K, committed 5168K, reserved 1048576K
}
Event: 7.033 GC heap before
{Heap before GC invocations=11 (full 2):
 PSYoungGen      total 136704K, used 10411K [0x00000000d5580000, 0x00000000e1380000, 0x0000000100000000)
  eden space 125440K, 0% used [0x00000000d5580000,0x00000000d5580000,0x00000000dd000000)
  from space 11264K, 92% used [0x00000000dd000000,0x00000000dda2ae98,0x00000000ddb00000)
  to   space 12288K, 0% used [0x00000000e0780000,0x00000000e0780000,0x00000000e1380000)
 ParOldGen       total 49152K, used 6845K [0x0000000080000000, 0x0000000083000000, 0x00000000d5580000)
  object space 49152K, 13% used [0x0000000080000000,0x00000000806af458,0x0000000083000000)
 Metaspace       used 34196K, capacity 35420K, committed 35496K, reserved 1079296K
  class space    used 4839K, capacity 5148K, committed 5168K, reserved 1048576K
Event: 7.138 GC heap after
Heap after GC invocations=11 (full 2):
 PSYoungGen      total 136704K, used 0K [0x00000000d5580000, 0x00000000e1380000, 0x0000000100000000)
  eden space 125440K, 0% used [0x00000000d5580000,0x00000000d5580000,0x00000000dd000000)
  from space 11264K, 0% used [0x00000000dd000000,0x00000000dd000000,0x00000000ddb00000)
  to   space 12288K, 0% used [0x00000000e0780000,0x00000000e0780000,0x00000000e1380000)
 ParOldGen       total 49152K, used 16542K [0x0000000080000000, 0x0000000083000000, 0x00000000d5580000)
  object space 49152K, 33% used [0x0000000080000000,0x0000000081027b68,0x0000000083000000)
 Metaspace       used 34196K, capacity 35420K, committed 35496K, reserved 1079296K
  class space    used 4839K, capacity 5148K, committed 5168K, reserved 1048576K
}

