# JRE version: OpenJDK Runtime Environment (8.0_242-b01) (build 1.8.0_242-release-1644-b01)
# Java VM: OpenJDK 64-Bit Server VM (25.242-b01 mixed mode windows-amd64 compressed oops)
Heap:
 PSYoungGen      total 379904K, used 33934K [0x00000000d5580000, 0x00000000fa500000, 0x0000000100000000)
  eden space 297984K, 11% used [0x00000000d5580000,0x00000000d76a3960,0x00000000e7880000)
  from space 81920K, 0% used [0x00000000e7880000,0x00000000e7880000,0x00000000ec880000)
  to   space 123904K, 0% used [0x00000000f2c00000,0x00000000f2c00000,0x00000000fa500000)
 ParOldGen       total 509952K, used 265514K [0x0000000080000000, 0x000000009f200000, 0x00000000d5580000)
  object space 509952K, 52% used [0x0000000080000000,0x000000009034a948,0x000000009f200000)
 Metaspace       used 128160K, capacity 134060K, committed 134420K, reserved 1165312K
  class space    used 16680K, capacity 17887K, committed 17980K, reserved 1048576K
GC Heap History (10 events):
Event: 87.620 GC heap before
{Heap before GC invocations=22 (full 4):
 PSYoungGen      total 304640K, used 266341K [0x00000000d5580000, 0x00000000edd80000, 0x0000000100000000)
  eden space 248320K, 100% used [0x00000000d5580000,0x00000000e4800000,0x00000000e4800000)
  from space 56320K, 31% used [0x00000000e4800000,0x00000000e5999558,0x00000000e7f00000)
  to   space 53760K, 0% used [0x00000000ea900000,0x00000000ea900000,0x00000000edd80000)
 ParOldGen       total 273920K, used 99380K [0x0000000080000000, 0x0000000090b80000, 0x00000000d5580000)
  object space 273920K, 36% used [0x0000000080000000,0x000000008610d110,0x0000000090b80000)
 Metaspace       used 102431K, capacity 107502K, committed 107668K, reserved 1142784K
  class space    used 13651K, capacity 14726K, committed 14780K, reserved 1048576K
Event: 87.647 GC heap after
Heap after GC invocations=22 (full 4):
 PSYoungGen      total 331264K, used 20644K [0x00000000d5580000, 0x00000000ed300000, 0x0000000100000000)
  eden space 288256K, 0% used [0x00000000d5580000,0x00000000d5580000,0x00000000e6f00000)
  from space 43008K, 48% used [0x00000000ea900000,0x00000000ebd291b0,0x00000000ed300000)
  to   space 51200K, 0% used [0x00000000e6f00000,0x00000000e6f00000,0x00000000ea100000)
 ParOldGen       total 273920K, used 99388K [0x0000000080000000, 0x0000000090b80000, 0x00000000d5580000)
  object space 273920K, 36% used [0x0000000080000000,0x000000008610f110,0x0000000090b80000)
 Metaspace       used 102431K, capacity 107502K, committed 107668K, reserved 1142784K
  class space    used 13651K, capacity 14726K, committed 14780K, reserved 1048576K
}
Event: 105.473 GC heap before
{Heap before GC invocations=23 (full 4):
 PSYoungGen      total 331264K, used 308900K [0x00000000d5580000, 0x00000000ed300000, 0x0000000100000000)
  eden space 288256K, 100% used [0x00000000d5580000,0x00000000e6f00000,0x00000000e6f00000)
  from space 43008K, 48% used [0x00000000ea900000,0x00000000ebd291b0,0x00000000ed300000)
  to   space 51200K, 0% used [0x00000000e6f00000,0x00000000e6f00000,0x00000000ea100000)
 ParOldGen       total 273920K, used 99388K [0x0000000080000000, 0x0000000090b80000, 0x00000000d5580000)
  object space 273920K, 36% used [0x0000000080000000,0x000000008610f110,0x0000000090b80000)
 Metaspace       used 108471K, capacity 113812K, committed 114068K, reserved 1148928K
  class space    used 14313K, capacity 15429K, committed 15548K, reserved 1048576K
Event: 105.520 GC heap after
Heap after GC invocations=23 (full 4):
 PSYoungGen      total 339456K, used 32349K [0x00000000d5580000, 0x00000000efb80000, 0x0000000100000000)
  eden space 288256K, 0% used [0x00000000d5580000,0x00000000d5580000,0x00000000e6f00000)
  from space 51200K, 63% used [0x00000000e6f00000,0x00000000e8e974a0,0x00000000ea100000)
  to   space 52224K, 0% used [0x00000000ec880000,0x00000000ec880000,0x00000000efb80000)
 ParOldGen       total 273920K, used 99396K [0x0000000080000000, 0x0000000090b80000, 0x00000000d5580000)
  object space 273920K, 36% used [0x0000000080000000,0x0000000086111110,0x0000000090b80000)
 Metaspace       used 108471K, capacity 113812K, committed 114068K, reserved 1148928K
  class space    used 14313K, capacity 15429K, committed 15548K, reserved 1048576K
}
Event: 108.475 GC heap before
{Heap before GC invocations=24 (full 4):
 PSYoungGen      total 339456K, used 320605K [0x00000000d5580000, 0x00000000efb80000, 0x0000000100000000)
  eden space 288256K, 100% used [0x00000000d5580000,0x00000000e6f00000,0x00000000e6f00000)
  from space 51200K, 63% used [0x00000000e6f00000,0x00000000e8e974a0,0x00000000ea100000)
  to   space 52224K, 0% used [0x00000000ec880000,0x00000000ec880000,0x00000000efb80000)
 ParOldGen       total 273920K, used 99396K [0x0000000080000000, 0x0000000090b80000, 0x00000000d5580000)
  object space 273920K, 36% used [0x0000000080000000,0x0000000086111110,0x0000000090b80000)
 Metaspace       used 117843K, capacity 123376K, committed 123668K, reserved 1157120K
  class space    used 15447K, capacity 16595K, committed 16700K, reserved 1048576K
Event: 108.664 GC heap after
Heap after GC invocations=24 (full 4):
 PSYoungGen      total 350208K, used 52207K [0x00000000d5580000, 0x00000000f4180000, 0x0000000100000000)
  eden space 297984K, 0% used [0x00000000d5580000,0x00000000d5580000,0x00000000e7880000)
  from space 52224K, 99% used [0x00000000ec880000,0x00000000efb7bf00,0x00000000efb80000)
  to   space 81920K, 0% used [0x00000000e7880000,0x00000000e7880000,0x00000000ec880000)
 ParOldGen       total 273920K, used 158499K [0x0000000080000000, 0x0000000090b80000, 0x00000000d5580000)
  object space 273920K, 57% used [0x0000000080000000,0x0000000089ac8ea0,0x0000000090b80000)
 Metaspace       used 117843K, capacity 123376K, committed 123668K, reserved 1157120K
  class space    used 15447K, capacity 16595K, committed 16700K, reserved 1048576K
}
Event: 112.104 GC heap before
{Heap before GC invocations=25 (full 4):
 PSYoungGen      total 350208K, used 350191K [0x00000000d5580000, 0x00000000f4180000, 0x0000000100000000)
  eden space 297984K, 100% used [0x00000000d5580000,0x00000000e7880000,0x00000000e7880000)
  from space 52224K, 99% used [0x00000000ec880000,0x00000000efb7bf00,0x00000000efb80000)
  to   space 81920K, 0% used [0x00000000e7880000,0x00000000e7880000,0x00000000ec880000)
 ParOldGen       total 273920K, used 158499K [0x0000000080000000, 0x0000000090b80000, 0x00000000d5580000)
  object space 273920K, 57% used [0x0000000080000000,0x0000000089ac8ea0,0x0000000090b80000)
 Metaspace       used 127035K, capacity 132922K, committed 133268K, reserved 1165312K
  class space    used 16555K, capacity 17748K, committed 17852K, reserved 1048576K
Event: 112.317 GC heap after
Heap after GC invocations=25 (full 4):
 PSYoungGen      total 379904K, used 81919K [0x00000000d5580000, 0x00000000fa500000, 0x0000000100000000)
  eden space 297984K, 0% used [0x00000000d5580000,0x00000000d5580000,0x00000000e7880000)
  from space 81920K, 99% used [0x00000000e7880000,0x00000000ec87fe88,0x00000000ec880000)
  to   space 123904K, 0% used [0x00000000f2c00000,0x00000000f2c00000,0x00000000fa500000)
 ParOldGen       total 273920K, used 236377K [0x0000000080000000, 0x0000000090b80000, 0x00000000d5580000)
  object space 273920K, 86% used [0x0000000080000000,0x000000008e6d6598,0x0000000090b80000)
 Metaspace       used 127035K, capacity 132922K, committed 133268K, reserved 1165312K
  class space    used 16555K, capacity 17748K, committed 17852K, reserved 1048576K
}
Event: 112.317 GC heap before
{Heap before GC invocations=26 (full 5):
 PSYoungGen      total 379904K, used 81919K [0x00000000d5580000, 0x00000000fa500000, 0x0000000100000000)
  eden space 297984K, 0% used [0x00000000d5580000,0x00000000d5580000,0x00000000e7880000)
  from space 81920K, 99% used [0x00000000e7880000,0x00000000ec87fe88,0x00000000ec880000)
  to   space 123904K, 0% used [0x00000000f2c00000,0x00000000f2c00000,0x00000000fa500000)
 ParOldGen       total 273920K, used 236377K [0x0000000080000000, 0x0000000090b80000, 0x00000000d5580000)
  object space 273920K, 86% used [0x0000000080000000,0x000000008e6d6598,0x0000000090b80000)
 Metaspace       used 127035K, capacity 132922K, committed 133268K, reserved 1165312K
  class space    used 16555K, capacity 17748K, committed 17852K, reserved 1048576K
Event: 113.865 GC heap after
Heap after GC invocations=26 (full 5):
 PSYoungGen      total 379904K, used 0K [0x00000000d5580000, 0x00000000fa500000, 0x0000000100000000)
  eden space 297984K, 0% used [0x00000000d5580000,0x00000000d5580000,0x00000000e7880000)
  from space 81920K, 0% used [0x00000000e7880000,0x00000000e7880000,0x00000000ec880000)
  to   space 123904K, 0% used [0x00000000f2c00000,0x00000000f2c00000,0x00000000fa500000)
 ParOldGen       total 509952K, used 265514K [0x0000000080000000, 0x000000009f200000, 0x00000000d5580000)
  object space 509952K, 52% used [0x0000000080000000,0x000000009034a948,0x000000009f200000)
 Metaspace       used 127017K, capacity 132868K, committed 133268K, reserved 1165312K
  class space    used 16549K, capacity 17737K, committed 17852K, reserved 1048576K
}

